<?xml version="1.0" encoding="UTF-8"?>
<!-- Generated by org.testng.reporters.JUnitReportReporter -->
<testsuite skipped="0" hostname="R3Laptop" name="com.basic.PruebaWeb" tests="16" failures="0" timestamp="13 Oct 2017 00:18:13 GMT" time="119.202" errors="0">
  <testcase name="M_Servicio_AIEU" time="7.345" classname="com.basic.PruebaWeb"/>
  <testcase name="M_Servicio_CCE" time="4.595" classname="com.basic.PruebaWeb"/>
  <testcase name="M_Servicio_DWRD" time="7.312" classname="com.basic.PruebaWeb"/>
  <testcase name="M_Servicio_EI" time="2.408" classname="com.basic.PruebaWeb"/>
  <testcase name="M_Servicio_CW" time="4.136" classname="com.basic.PruebaWeb"/>
  <testcase name="M_Empleos" time="6.944" classname="com.basic.PruebaWeb"/>
  <testcase name="M_Blog" time="5.605" classname="com.basic.PruebaWeb"/>
  <testcase name="M_Servicio_SEO" time="2.979" classname="com.basic.PruebaWeb"/>
  <testcase name="M_Servicio_DS" time="10.750" classname="com.basic.PruebaWeb"/>
  <testcase name="M_Servicio_ICERD" time="3.529" classname="com.basic.PruebaWeb"/>
  <testcase name="M_Portafolio" time="15.129" classname="com.basic.PruebaWeb"/>
  <testcase name="M_Servicio_CR" time="6.076" classname="com.basic.PruebaWeb"/>
  <testcase name="M_Servicio_MRSE" time="11.559" classname="com.basic.PruebaWeb"/>
  <testcase name="M_Conocenos" time="22.432" classname="com.basic.PruebaWeb"/>
  <testcase name="M_Servicio_MPCC" time="4.739" classname="com.basic.PruebaWeb"/>
  <testcase name="M_Servicio_ICRW" time="3.664" classname="com.basic.PruebaWeb"/>
</testsuite> <!-- com.basic.PruebaWeb -->
